/home/shlokmishra08/code/ts-mcmc/tree.py:585: RuntimeWarning: overflow encountered in scalar multiply
  exp_factor = numpy.exp(-n_states * alpha * t)
/home/shlokmishra08/code/ts-mcmc/tree.py:171: RuntimeWarning: overflow encountered in scalar add
  proposed_time = lower + new_gap
/scratch/user/shlokmishra08/virtual_envs/gkdvenv/lib/python3.11/site-packages/matplotlib/axes/_base.py:3070: RuntimeWarning: overflow encountered in scalar add
  x0, x1 = inverse_trans.transform([x0t - delta, x1t + delta])
/home/shlokmishra08/code/ts-mcmc/tree.py:585: RuntimeWarning: overflow encountered in scalar multiply
  exp_factor = numpy.exp(-n_states * alpha * t)
/home/shlokmishra08/code/ts-mcmc/tree.py:171: RuntimeWarning: overflow encountered in scalar add
  proposed_time = lower + new_gap
/scratch/user/shlokmishra08/virtual_envs/gkdvenv/lib/python3.11/site-packages/matplotlib/axes/_base.py:3070: RuntimeWarning: overflow encountered in scalar add
  x0, x1 = inverse_trans.transform([x0t - delta, x1t + delta])
/home/shlokmishra08/code/ts-mcmc/tree.py:585: RuntimeWarning: overflow encountered in scalar multiply
  exp_factor = numpy.exp(-n_states * alpha * t)
/home/shlokmishra08/code/ts-mcmc/tree.py:171: RuntimeWarning: overflow encountered in scalar add
  proposed_time = lower + new_gap
/scratch/user/shlokmishra08/virtual_envs/gkdvenv/lib/python3.11/site-packages/numpy/_core/_methods.py:132: RuntimeWarning: overflow encountered in reduce
  ret = umr_sum(arr, axis, dtype, out, keepdims, where=where)
/scratch/user/shlokmishra08/virtual_envs/gkdvenv/lib/python3.11/site-packages/matplotlib/transforms.py:370: RuntimeWarning: overflow encountered in scalar subtract
  return (x0, y0, x1 - x0, y1 - y0)
/home/shlokmishra08/code/ts-mcmc/tree.py:585: RuntimeWarning: overflow encountered in scalar multiply
  exp_factor = numpy.exp(-n_states * alpha * t)
/home/shlokmishra08/code/ts-mcmc/tree.py:171: RuntimeWarning: overflow encountered in scalar add
  proposed_time = lower + new_gap
/scratch/user/shlokmishra08/virtual_envs/gkdvenv/lib/python3.11/site-packages/matplotlib/axes/_base.py:3070: RuntimeWarning: overflow encountered in scalar add
  x0, x1 = inverse_trans.transform([x0t - delta, x1t + delta])
/home/shlokmishra08/code/ts-mcmc/tree.py:585: RuntimeWarning: overflow encountered in scalar multiply
  exp_factor = numpy.exp(-n_states * alpha * t)
/home/shlokmishra08/code/ts-mcmc/tree.py:171: RuntimeWarning: overflow encountered in scalar add
  proposed_time = lower + new_gap
/scratch/user/shlokmishra08/virtual_envs/gkdvenv/lib/python3.11/site-packages/matplotlib/axes/_base.py:3070: RuntimeWarning: overflow encountered in scalar add
  x0, x1 = inverse_trans.transform([x0t - delta, x1t + delta])
/home/shlokmishra08/code/ts-mcmc/tree.py:585: RuntimeWarning: overflow encountered in scalar multiply
  exp_factor = numpy.exp(-n_states * alpha * t)
/home/shlokmishra08/code/ts-mcmc/tree.py:171: RuntimeWarning: overflow encountered in scalar add
  proposed_time = lower + new_gap
/scratch/user/shlokmishra08/virtual_envs/gkdvenv/lib/python3.11/site-packages/matplotlib/axes/_base.py:3070: RuntimeWarning: overflow encountered in scalar add
  x0, x1 = inverse_trans.transform([x0t - delta, x1t + delta])
/home/shlokmishra08/code/ts-mcmc/tree.py:585: RuntimeWarning: overflow encountered in scalar multiply
  exp_factor = numpy.exp(-n_states * alpha * t)
/scratch/user/shlokmishra08/virtual_envs/gkdvenv/lib/python3.11/site-packages/matplotlib/axes/_base.py:3070: RuntimeWarning: overflow encountered in scalar add
  x0, x1 = inverse_trans.transform([x0t - delta, x1t + delta])
/home/shlokmishra08/code/ts-mcmc/tree.py:585: RuntimeWarning: overflow encountered in scalar multiply
  exp_factor = numpy.exp(-n_states * alpha * t)
/home/shlokmishra08/code/ts-mcmc/tree.py:171: RuntimeWarning: overflow encountered in scalar add
  proposed_time = lower + new_gap
/scratch/user/shlokmishra08/virtual_envs/gkdvenv/lib/python3.11/site-packages/matplotlib/axes/_base.py:3070: RuntimeWarning: overflow encountered in scalar add
  x0, x1 = inverse_trans.transform([x0t - delta, x1t + delta])
/home/shlokmishra08/code/ts-mcmc/tree.py:585: RuntimeWarning: overflow encountered in scalar multiply
  exp_factor = numpy.exp(-n_states * alpha * t)
/home/shlokmishra08/code/ts-mcmc/tree.py:171: RuntimeWarning: overflow encountered in scalar add
  proposed_time = lower + new_gap
/scratch/user/shlokmishra08/virtual_envs/gkdvenv/lib/python3.11/site-packages/matplotlib/axes/_base.py:3070: RuntimeWarning: overflow encountered in scalar add
  x0, x1 = inverse_trans.transform([x0t - delta, x1t + delta])
